{
  "stats": {
    "suites": 1,
    "tests": 1,
    "passes": 1,
    "pending": 0,
    "failures": 0,
    "start": "2020-01-21T04:28:03.073Z",
    "end": "2020-01-21T04:28:28.823Z",
    "duration": 25750,
    "testsRegistered": 1,
    "passPercent": 100,
    "pendingPercent": 0,
    "other": 0,
    "hasOther": false,
    "skipped": 0,
    "hasSkipped": false
  },
  "results": [
    {
      "uuid": "4bbda5e6-fd2f-4931-9bfe-cb766b435ae2",
      "title": "",
      "fullFile": "",
      "file": "",
      "beforeHooks": [],
      "afterHooks": [],
      "tests": [],
      "suites": [
        {
          "uuid": "998bf95f-b088-413a-aad0-ad25cfeb82e9",
          "title": "test",
          "fullFile": "",
          "file": "",
          "beforeHooks": [],
          "afterHooks": [],
          "tests": [
            {
              "title": "Assert for slide",
              "fullTitle": "test Assert for slide",
              "timedOut": null,
              "duration": 18213,
              "state": "passed",
              "speed": "slow",
              "pass": true,
              "fail": false,
              "pending": false,
              "context": null,
              "code": "cy.visit('http://www.executeautomation.com/site/');\ncy.get('[aria-label=\"jump to slide 2\"]', {\n  timeout: 60000\n}).should('have.class', 'ls-nav-active');",
              "err": {},
              "uuid": "3b231de2-4071-4921-b71f-3def826df3a9",
              "parentUUID": "998bf95f-b088-413a-aad0-ad25cfeb82e9",
              "isHook": false,
              "skipped": false
            }
          ],
          "suites": [],
          "passes": [
            "3b231de2-4071-4921-b71f-3def826df3a9"
          ],
          "failures": [],
          "pending": [],
          "skipped": [],
          "duration": 18213,
          "root": false,
          "rootEmpty": false,
          "_timeout": 2000
        }
      ],
      "passes": [],
      "failures": [],
      "pending": [],
      "skipped": [],
      "duration": 0,
      "root": true,
      "rootEmpty": true,
      "_timeout": 2000
    }
  ],
  "meta": {
    "mocha": {
      "version": "6.2.2"
    },
    "mochawesome": {
      "options": {
        "quiet": false,
        "reportFilename": "mochawesome",
        "saveHtml": false,
        "saveJson": true,
        "consoleReporter": "spec",
        "useInlineDiffs": false
      },
      "version": "4.1.0"
    },
    "marge": {
      "options": {
        "id": "default",
        "reportDir": "cypress/reports/mochawesome",
        "overwrite": false,
        "html": false,
        "json": true
      },
      "version": "4.0.1"
    }
  }
}