{
  "stats": {
    "suites": 1,
    "tests": 5,
    "passes": 5,
    "pending": 0,
    "failures": 0,
    "start": "2019-12-23T03:21:26.474Z",
    "end": "2019-12-23T03:21:40.295Z",
    "duration": 13821,
    "testsRegistered": 5,
    "passPercent": 100,
    "pendingPercent": 0,
    "other": 0,
    "hasOther": false,
    "skipped": 0,
    "hasSkipped": false
  },
  "results": [
    {
      "uuid": "7241d966-74e2-4e30-874b-d40b8dde1488",
      "title": "",
      "fullFile": "",
      "file": "",
      "beforeHooks": [],
      "afterHooks": [],
      "tests": [],
      "suites": [
        {
          "uuid": "bebce93c-a697-4e23-9a53-403a21d4c226",
          "title": "Login",
          "fullFile": "",
          "file": "",
          "beforeHooks": [],
          "afterHooks": [],
          "tests": [
            {
              "title": "Can find and type in username",
              "fullTitle": "Login Can find and type in username",
              "timedOut": null,
              "duration": 4280,
              "state": "passed",
              "speed": "slow",
              "pass": true,
              "fail": false,
              "pending": false,
              "context": null,
              "code": "cy.get('input[name=\"login\"]').type(\"hradmin\").should(\"have.value\", \"hradmin\");",
              "err": {},
              "uuid": "4bc9e8ef-a3f3-4a60-a2ea-b6b9f92d9ba6",
              "parentUUID": "bebce93c-a697-4e23-9a53-403a21d4c226",
              "isHook": false,
              "skipped": false
            },
            {
              "title": "Can find and type in password",
              "fullTitle": "Login Can find and type in password",
              "timedOut": null,
              "duration": 2399,
              "state": "passed",
              "speed": "slow",
              "pass": true,
              "fail": false,
              "pending": false,
              "context": null,
              "code": "cy.visit(\"https://cms.tenggo.id\");\ncy.get('input[id=\"password\"]').type(\"betul\").should(\"have.value\", \"betul\");",
              "err": {},
              "uuid": "deb78384-a8b3-4d9f-8af0-f2531380a9ea",
              "parentUUID": "bebce93c-a697-4e23-9a53-403a21d4c226",
              "isHook": false,
              "skipped": false
            },
            {
              "title": "Will succeed when type valid user credentials",
              "fullTitle": "Login Will succeed when type valid user credentials",
              "timedOut": null,
              "duration": 2330,
              "state": "passed",
              "speed": "slow",
              "pass": true,
              "fail": false,
              "pending": false,
              "context": null,
              "code": "// cy.server()\n//   .route({\n//   method: 'POST',\n//   url: '/api/v1/auth/login',\n//   response: '',\n//   status: 200\n// })\n// .as(\"login\")\n// cy.server()\n// cy.route({\n//   method: 'GET',\n//   url: '/api/v1/reservations/user/monthly?employee_id=3&page=1&query=0&year=&status=all',\n//   response: '',\n//   status: 200\n// })\ncy.get('input[name=\"login\"]').type('hradmin').should(\"have.value\", 'hradmin');\ncy.get('input[id=\"password\"]').type('betul').should(\"have.value\", 'betul');\ncy.contains('Login').click({\n  force: true\n});\ncy.get('img').and('visible'); // .wait('@login')",
              "err": {},
              "uuid": "2ad389eb-a82e-4dda-ab41-c8b24956b699",
              "parentUUID": "bebce93c-a697-4e23-9a53-403a21d4c226",
              "isHook": false,
              "skipped": false
            },
            {
              "title": "Will failed when type invalid user credentials",
              "fullTitle": "Login Will failed when type invalid user credentials",
              "timedOut": null,
              "duration": 2954,
              "state": "passed",
              "speed": "slow",
              "pass": true,
              "fail": false,
              "pending": false,
              "context": null,
              "code": "cy.server();\ncy.route({\n  method: 'POST',\n  url: '/api/v1/auth/login',\n  response: '',\n  status: 401\n});\ncy.random(10).then(function (result) {\n  cy.get('input[name=\"login\"]').type(result);\n});\ncy.random(10).then(function (result) {\n  cy.get('input[id=\"password\"]').type(result);\n});\ncy.contains('Login').click();\ncy.contains('Username or Password Incorrect.').should('be.visible');",
              "err": {},
              "uuid": "cf2728c5-4392-4ec4-b070-9da001ff2c14",
              "parentUUID": "bebce93c-a697-4e23-9a53-403a21d4c226",
              "isHook": false,
              "skipped": false
            },
            {
              "title": "Will failed when not type user credentials",
              "fullTitle": "Login Will failed when not type user credentials",
              "timedOut": null,
              "duration": 1391,
              "state": "passed",
              "speed": "slow",
              "pass": true,
              "fail": false,
              "pending": false,
              "context": null,
              "code": "cy.server();\ncy.route({\n  method: 'POST',\n  url: '/api/v1/auth/login',\n  response: '',\n  status: 401\n});\ncy.contains('Login').click();\ncy.contains('Username cannot be empty').should('be.visible');\ncy.contains('Password is required').should('be.visible');\ncy.contains('Username or Password Incorrect.').should('be.visible');",
              "err": {},
              "uuid": "54d91fa6-7a23-4ce0-ad81-fda7b4608e00",
              "parentUUID": "bebce93c-a697-4e23-9a53-403a21d4c226",
              "isHook": false,
              "skipped": false
            }
          ],
          "suites": [],
          "passes": [
            "4bc9e8ef-a3f3-4a60-a2ea-b6b9f92d9ba6",
            "deb78384-a8b3-4d9f-8af0-f2531380a9ea",
            "2ad389eb-a82e-4dda-ab41-c8b24956b699",
            "cf2728c5-4392-4ec4-b070-9da001ff2c14",
            "54d91fa6-7a23-4ce0-ad81-fda7b4608e00"
          ],
          "failures": [],
          "pending": [],
          "skipped": [],
          "duration": 13354,
          "root": false,
          "rootEmpty": false,
          "_timeout": 2000
        }
      ],
      "passes": [],
      "failures": [],
      "pending": [],
      "skipped": [],
      "duration": 0,
      "root": true,
      "rootEmpty": true,
      "_timeout": 2000
    }
  ],
  "meta": {
    "mocha": {
      "version": "6.2.2"
    },
    "mochawesome": {
      "options": {
        "quiet": false,
        "reportFilename": "mochawesome",
        "saveHtml": false,
        "saveJson": true,
        "consoleReporter": "spec",
        "useInlineDiffs": false
      },
      "version": "4.1.0"
    },
    "marge": {
      "options": {
        "id": "default",
        "reportDir": "cypress/reports/mochawesome",
        "overwrite": false,
        "html": false,
        "json": true
      },
      "version": "4.0.1"
    }
  }
}