{
  "stats": {
    "suites": 1,
    "tests": 5,
    "passes": 5,
    "pending": 0,
    "failures": 0,
    "start": "2020-01-21T04:24:21.774Z",
    "end": "2020-01-21T04:24:39.288Z",
    "duration": 17514,
    "testsRegistered": 5,
    "passPercent": 100,
    "pendingPercent": 0,
    "other": 0,
    "hasOther": false,
    "skipped": 0,
    "hasSkipped": false
  },
  "results": [
    {
      "uuid": "fcceaa61-e70f-4944-b736-f9908c51653a",
      "title": "",
      "fullFile": "",
      "file": "",
      "beforeHooks": [],
      "afterHooks": [],
      "tests": [],
      "suites": [
        {
          "uuid": "6280b22e-eb57-4405-83ba-f67a69ffa52b",
          "title": "Login",
          "fullFile": "",
          "file": "",
          "beforeHooks": [],
          "afterHooks": [],
          "tests": [
            {
              "title": "Can find and type in username",
              "fullTitle": "Login Can find and type in username",
              "timedOut": null,
              "duration": 5941,
              "state": "passed",
              "speed": "slow",
              "pass": true,
              "fail": false,
              "pending": false,
              "context": null,
              "code": "cy.get('input[name=\"login\"]').type(\"hradmin\").should(\"have.value\", \"hradmin\");",
              "err": {},
              "uuid": "fd82a9a7-45e9-4822-b913-b76de5171832",
              "parentUUID": "6280b22e-eb57-4405-83ba-f67a69ffa52b",
              "isHook": false,
              "skipped": false
            },
            {
              "title": "Can find and type in password",
              "fullTitle": "Login Can find and type in password",
              "timedOut": null,
              "duration": 3510,
              "state": "passed",
              "speed": "slow",
              "pass": true,
              "fail": false,
              "pending": false,
              "context": null,
              "code": "cy.visit(\"https://cms.tenggo.id\");\ncy.get('input[id=\"password\"]').type(\"betul\").should(\"have.value\", \"betul\");",
              "err": {},
              "uuid": "3cb1b558-29e0-4a98-9ec8-864ea6916773",
              "parentUUID": "6280b22e-eb57-4405-83ba-f67a69ffa52b",
              "isHook": false,
              "skipped": false
            },
            {
              "title": "Will succeed when type valid user credentials",
              "fullTitle": "Login Will succeed when type valid user credentials",
              "timedOut": null,
              "duration": 2680,
              "state": "passed",
              "speed": "slow",
              "pass": true,
              "fail": false,
              "pending": false,
              "context": null,
              "code": "// cy.server()\n//   .route({\n//   method: 'POST',\n//   url: '/api/v1/auth/login',\n//   response: '',\n//   status: 200\n// })\n// .as(\"login\")\n// cy.server()\n// cy.route({\n//   method: 'GET',\n//   url: '/api/v1/reservations/user/monthly?employee_id=3&page=1&query=0&year=&status=all',\n//   response: '',\n//   status: 200\n// })\ncy.get('input[name=\"login\"]').type('hradmin').should(\"have.value\", 'hradmin');\ncy.get('input[id=\"password\"]').type('betul').should(\"have.value\", 'betul');\ncy.contains('Login').click({\n  force: true\n});\ncy.get('img').and('visible'); // .wait('@login')",
              "err": {},
              "uuid": "4d8e0eeb-00d2-42da-aa39-1fa05759e50d",
              "parentUUID": "6280b22e-eb57-4405-83ba-f67a69ffa52b",
              "isHook": false,
              "skipped": false
            },
            {
              "title": "Will failed when type invalid user credentials",
              "fullTitle": "Login Will failed when type invalid user credentials",
              "timedOut": null,
              "duration": 2909,
              "state": "passed",
              "speed": "slow",
              "pass": true,
              "fail": false,
              "pending": false,
              "context": null,
              "code": "cy.server();\ncy.route({\n  method: 'POST',\n  url: '/api/v1/auth/login',\n  response: '',\n  status: 401\n});\ncy.random(10).then(function (result) {\n  cy.get('input[name=\"login\"]').type(result);\n});\ncy.random(10).then(function (result) {\n  cy.get('input[id=\"password\"]').type(result);\n});\ncy.contains('Login').click();\ncy.contains('Username or Password Incorrect.').should('be.visible');",
              "err": {},
              "uuid": "5adcb1c8-30c4-4cdc-adad-7c079e034c9e",
              "parentUUID": "6280b22e-eb57-4405-83ba-f67a69ffa52b",
              "isHook": false,
              "skipped": false
            },
            {
              "title": "Will failed when not type user credentials",
              "fullTitle": "Login Will failed when not type user credentials",
              "timedOut": null,
              "duration": 2174,
              "state": "passed",
              "speed": "slow",
              "pass": true,
              "fail": false,
              "pending": false,
              "context": null,
              "code": "cy.server();\ncy.route({\n  method: 'POST',\n  url: '/api/v1/auth/login',\n  response: '',\n  status: 401\n});\ncy.contains('Login').click();\ncy.contains('Username cannot be empty').should('be.visible');\ncy.contains('Password is required').should('be.visible');\ncy.contains('Username or Password Incorrect.').should('be.visible');",
              "err": {},
              "uuid": "1a44a50a-f0c8-4936-8f9b-e7636a296a50",
              "parentUUID": "6280b22e-eb57-4405-83ba-f67a69ffa52b",
              "isHook": false,
              "skipped": false
            }
          ],
          "suites": [],
          "passes": [
            "fd82a9a7-45e9-4822-b913-b76de5171832",
            "3cb1b558-29e0-4a98-9ec8-864ea6916773",
            "4d8e0eeb-00d2-42da-aa39-1fa05759e50d",
            "5adcb1c8-30c4-4cdc-adad-7c079e034c9e",
            "1a44a50a-f0c8-4936-8f9b-e7636a296a50"
          ],
          "failures": [],
          "pending": [],
          "skipped": [],
          "duration": 17214,
          "root": false,
          "rootEmpty": false,
          "_timeout": 2000
        }
      ],
      "passes": [],
      "failures": [],
      "pending": [],
      "skipped": [],
      "duration": 0,
      "root": true,
      "rootEmpty": true,
      "_timeout": 2000
    }
  ],
  "meta": {
    "mocha": {
      "version": "6.2.2"
    },
    "mochawesome": {
      "options": {
        "quiet": false,
        "reportFilename": "mochawesome",
        "saveHtml": false,
        "saveJson": true,
        "consoleReporter": "spec",
        "useInlineDiffs": false
      },
      "version": "4.1.0"
    },
    "marge": {
      "options": {
        "id": "default",
        "reportDir": "cypress/reports/mochawesome",
        "overwrite": false,
        "html": false,
        "json": true
      },
      "version": "4.0.1"
    }
  }
}