{
  "stats": {
    "suites": 1,
    "tests": 1,
    "passes": 1,
    "pending": 0,
    "failures": 0,
    "start": "2019-12-23T03:23:50.558Z",
    "end": "2019-12-23T03:24:10.074Z",
    "duration": 19516,
    "testsRegistered": 1,
    "passPercent": 100,
    "pendingPercent": 0,
    "other": 0,
    "hasOther": false,
    "skipped": 0,
    "hasSkipped": false
  },
  "results": [
    {
      "uuid": "bd8dce41-09de-47f4-8ed7-7c75f28391ab",
      "title": "",
      "fullFile": "",
      "file": "",
      "beforeHooks": [],
      "afterHooks": [],
      "tests": [],
      "suites": [
        {
          "uuid": "9f67db38-b57b-4c27-af91-136fa6aeff33",
          "title": "test",
          "fullFile": "",
          "file": "",
          "beforeHooks": [],
          "afterHooks": [],
          "tests": [
            {
              "title": "Assert for slide",
              "fullTitle": "test Assert for slide",
              "timedOut": null,
              "duration": 14366,
              "state": "passed",
              "speed": "slow",
              "pass": true,
              "fail": false,
              "pending": false,
              "context": null,
              "code": "cy.visit('http://www.executeautomation.com/site/');\ncy.get('[aria-label=\"jump to slide 2\"]', {\n  timeout: 60000\n}).should('have.class', 'ls-nav-active');",
              "err": {},
              "uuid": "5049df8c-7755-4f1f-8adf-f78b4bc6cde5",
              "parentUUID": "9f67db38-b57b-4c27-af91-136fa6aeff33",
              "isHook": false,
              "skipped": false
            }
          ],
          "suites": [],
          "passes": [
            "5049df8c-7755-4f1f-8adf-f78b4bc6cde5"
          ],
          "failures": [],
          "pending": [],
          "skipped": [],
          "duration": 14366,
          "root": false,
          "rootEmpty": false,
          "_timeout": 2000
        }
      ],
      "passes": [],
      "failures": [],
      "pending": [],
      "skipped": [],
      "duration": 0,
      "root": true,
      "rootEmpty": true,
      "_timeout": 2000
    }
  ],
  "meta": {
    "mocha": {
      "version": "6.2.2"
    },
    "mochawesome": {
      "options": {
        "quiet": false,
        "reportFilename": "mochawesome",
        "saveHtml": false,
        "saveJson": true,
        "consoleReporter": "spec",
        "useInlineDiffs": false
      },
      "version": "4.1.0"
    },
    "marge": {
      "options": {
        "id": "default",
        "reportDir": "cypress/reports/mochawesome",
        "overwrite": false,
        "html": false,
        "json": true
      },
      "version": "4.0.1"
    }
  }
}