{
  "stats": {
    "suites": 1,
    "tests": 3,
    "passes": 3,
    "pending": 0,
    "failures": 0,
    "start": "2020-01-21T04:25:42.241Z",
    "end": "2020-01-21T04:26:01.227Z",
    "duration": 18986,
    "testsRegistered": 3,
    "passPercent": 100,
    "pendingPercent": 0,
    "other": 0,
    "hasOther": false,
    "skipped": 0,
    "hasSkipped": false
  },
  "results": [
    {
      "uuid": "02ce849c-7720-43cf-ab24-6f0dd40a9def",
      "title": "",
      "fullFile": "",
      "file": "",
      "beforeHooks": [],
      "afterHooks": [],
      "tests": [],
      "suites": [
        {
          "uuid": "85897780-e998-48a3-b1ec-ca60930ca8fb",
          "title": "Addnewreservation",
          "fullFile": "",
          "file": "",
          "beforeHooks": [],
          "afterHooks": [],
          "tests": [
            {
              "title": "Open Create New Reservation",
              "fullTitle": "Addnewreservation Open Create New Reservation",
              "timedOut": null,
              "duration": 10061,
              "state": "passed",
              "speed": "slow",
              "pass": true,
              "fail": false,
              "pending": false,
              "context": null,
              "code": "cy.login();\ncy.contains('Meeting Room').click();\ncy.contains('Approval Reservation').click();\ncy.contains('+ Create New Reservation').click();",
              "err": {},
              "uuid": "8df0d07e-a1e3-4d38-88d8-1e41c45af272",
              "parentUUID": "85897780-e998-48a3-b1ec-ca60930ca8fb",
              "isHook": false,
              "skipped": false
            },
            {
              "title": "Input New Reservation",
              "fullTitle": "Addnewreservation Input New Reservation",
              "timedOut": null,
              "duration": 7301,
              "state": "passed",
              "speed": "slow",
              "pass": true,
              "fail": false,
              "pending": false,
              "context": null,
              "code": "cy.get('.v-select__slot > input').type('hradmin').should(\"have.value\", 'hradmin').get('.v-select-list > .v-list > [role=\"listitem\"] > .v-list__tile > .v-list__tile__content > .v-list__tile__title').click();\ncy.random(10).then(function (result) {\n  cy.get(':nth-child(2) > .v-input > .v-input__control > .v-input__slot > .v-text-field__slot > input').type(result).and('visible');\n});\ncy.randomnumber(10).then(function (result) {\n  cy.get(':nth-child(3) > .v-input > .v-input__control > .v-input__slot > .v-text-field__slot > input').type(result).and('visible');\n});\ncy.dtmnow().then(function (result) {\n  cy.get('.md12 > .v-input > .v-input__control > .v-input__slot > .v-text-field__slot > input').type(result).and('visible').get('.md12 > .v-input > .v-input__control > .v-input__slot > .v-text-field__slot > input').click();\n});\ncy.get(':nth-child(6) > .el-date-editor > .el-input__inner').click().get('.el-scrollbar__view > :nth-child(1)').click().and('visible');\ncy.get(':nth-child(7) > .el-date-editor > .el-input__inner').click().get('[style=\"width: 118.953px; position: absolute; top: 544px; left: 264px; z-index: 2003;\"] > .el-scrollbar > .el-picker-panel__content > .el-scrollbar__view > :nth-child(2)').click().and('visible');\ncy.random(10).then(function (result) {\n  cy.get(':nth-child(8) > .v-input > .v-input__control > .v-input__slot > .v-text-field__slot > input').type(result).and('visible');\n});\ncy.get('.text-xs-center > .white--text > .v-btn__content').click();",
              "err": {},
              "uuid": "e273437f-41ed-4d06-8858-c99c72d9990c",
              "parentUUID": "85897780-e998-48a3-b1ec-ca60930ca8fb",
              "isHook": false,
              "skipped": false
            },
            {
              "title": "Select Room",
              "fullTitle": "Addnewreservation Select Room",
              "timedOut": null,
              "duration": 905,
              "state": "passed",
              "speed": "slow",
              "pass": true,
              "fail": false,
              "pending": false,
              "context": null,
              "code": "cy.get('.v-card > :nth-child(1) > .v-btn > .v-btn__content').click();",
              "err": {},
              "uuid": "25363ab7-490e-4386-b2b7-e92c3f0e7cd0",
              "parentUUID": "85897780-e998-48a3-b1ec-ca60930ca8fb",
              "isHook": false,
              "skipped": false
            }
          ],
          "suites": [],
          "passes": [
            "8df0d07e-a1e3-4d38-88d8-1e41c45af272",
            "e273437f-41ed-4d06-8858-c99c72d9990c",
            "25363ab7-490e-4386-b2b7-e92c3f0e7cd0"
          ],
          "failures": [],
          "pending": [],
          "skipped": [],
          "duration": 18267,
          "root": false,
          "rootEmpty": false,
          "_timeout": 2000
        }
      ],
      "passes": [],
      "failures": [],
      "pending": [],
      "skipped": [],
      "duration": 0,
      "root": true,
      "rootEmpty": true,
      "_timeout": 2000
    }
  ],
  "meta": {
    "mocha": {
      "version": "6.2.2"
    },
    "mochawesome": {
      "options": {
        "quiet": false,
        "reportFilename": "mochawesome",
        "saveHtml": false,
        "saveJson": true,
        "consoleReporter": "spec",
        "useInlineDiffs": false
      },
      "version": "4.1.0"
    },
    "marge": {
      "options": {
        "id": "default",
        "reportDir": "cypress/reports/mochawesome",
        "overwrite": false,
        "html": false,
        "json": true
      },
      "version": "4.0.1"
    }
  }
}