{
  "stats": {
    "suites": 1,
    "tests": 5,
    "passes": 4,
    "pending": 0,
    "failures": 1,
    "start": "2020-01-21T03:06:58.864Z",
    "end": "2020-01-21T03:07:06.581Z",
    "duration": 7717,
    "testsRegistered": 5,
    "passPercent": 80,
    "pendingPercent": 0,
    "other": 0,
    "hasOther": false,
    "skipped": 0,
    "hasSkipped": false
  },
  "results": [
    {
      "uuid": "6bb6ceeb-4db4-493d-a42f-62439271370f",
      "title": "",
      "fullFile": "",
      "file": "",
      "beforeHooks": [],
      "afterHooks": [],
      "tests": [],
      "suites": [
        {
          "uuid": "1fe064f5-cd80-4558-9d8b-464cb8401263",
          "title": "Attendaces",
          "fullFile": "",
          "file": "",
          "beforeHooks": [],
          "afterHooks": [],
          "tests": [
            {
              "title": "Open Create New Reservation",
              "fullTitle": "Attendaces Open Create New Reservation",
              "timedOut": null,
              "duration": 7024,
              "state": "failed",
              "speed": null,
              "pass": false,
              "fail": true,
              "pending": false,
              "context": null,
              "code": "cy.login();\ncy.contains('Attendances').click().get('.right > .v-btn__content').click();",
              "err": {
                "message": "CypressError: Timed out retrying: Expected to find element: '.right > .v-btn__content', but never found it.",
                "estack": "CypressError: Timed out retrying: Expected to find element: '.right > .v-btn__content', but never found it.\n    at Object.cypressErr (https://cms.tenggo.id/__cypress/runner/cypress_runner.js:105262:11)\n    at Object.throwErr (https://cms.tenggo.id/__cypress/runner/cypress_runner.js:105217:18)\n    at Object.throwErrByPath (https://cms.tenggo.id/__cypress/runner/cypress_runner.js:105249:17)\n    at retry (https://cms.tenggo.id/__cypress/runner/cypress_runner.js:96526:16)\n    at onFailFn (https://cms.tenggo.id/__cypress/runner/cypress_runner.js:85591:16)\n    at tryCatcher (https://cms.tenggo.id/__cypress/runner/cypress_runner.js:139407:23)\n    at Promise._settlePromiseFromHandler (https://cms.tenggo.id/__cypress/runner/cypress_runner.js:137343:31)\n    at Promise._settlePromise (https://cms.tenggo.id/__cypress/runner/cypress_runner.js:137400:18)\n    at Promise._settlePromise0 (https://cms.tenggo.id/__cypress/runner/cypress_runner.js:137445:10)\n    at Promise._settlePromises (https://cms.tenggo.id/__cypress/runner/cypress_runner.js:137520:18)\n    at Async../node_modules/bluebird/js/release/async.js.Async._drainQueue (https://cms.tenggo.id/__cypress/runner/cypress_runner.js:134132:16)\n    at Async../node_modules/bluebird/js/release/async.js.Async._drainQueues (https://cms.tenggo.id/__cypress/runner/cypress_runner.js:134142:10)\n    at Async.drainQueues (https://cms.tenggo.id/__cypress/runner/cypress_runner.js:134016:14)",
                "diff": null
              },
              "uuid": "bb84c949-f874-4477-9f43-b29c0f925510",
              "parentUUID": "1fe064f5-cd80-4558-9d8b-464cb8401263",
              "isHook": false,
              "skipped": false
            },
            {
              "title": "User select filter show list and choose Attedances Today or Total Attendances",
              "fullTitle": "Attendaces User select filter show list and choose Attedances Today or Total Attendances",
              "timedOut": null,
              "duration": 568,
              "state": "passed",
              "speed": "slow",
              "pass": true,
              "fail": false,
              "pending": false,
              "context": null,
              "code": "",
              "err": {},
              "uuid": "22d61c40-9c9f-4bed-b1dc-a0b16e6b7b56",
              "parentUUID": "1fe064f5-cd80-4558-9d8b-464cb8401263",
              "isHook": false,
              "skipped": false
            },
            {
              "title": "User can search",
              "fullTitle": "Attendaces User can search",
              "timedOut": null,
              "duration": 23,
              "state": "passed",
              "speed": "fast",
              "pass": true,
              "fail": false,
              "pending": false,
              "context": null,
              "code": "",
              "err": {},
              "uuid": "74d04b45-acf9-409c-9a0c-90913203b03e",
              "parentUUID": "1fe064f5-cd80-4558-9d8b-464cb8401263",
              "isHook": false,
              "skipped": false
            },
            {
              "title": "User can edit attendances data",
              "fullTitle": "Attendaces User can edit attendances data",
              "timedOut": null,
              "duration": 8,
              "state": "passed",
              "speed": "fast",
              "pass": true,
              "fail": false,
              "pending": false,
              "context": null,
              "code": "",
              "err": {},
              "uuid": "5780286c-4d52-4443-b318-440b862ac12f",
              "parentUUID": "1fe064f5-cd80-4558-9d8b-464cb8401263",
              "isHook": false,
              "skipped": false
            },
            {
              "title": "User can delete attendances data",
              "fullTitle": "Attendaces User can delete attendances data",
              "timedOut": null,
              "duration": 27,
              "state": "passed",
              "speed": "fast",
              "pass": true,
              "fail": false,
              "pending": false,
              "context": null,
              "code": "",
              "err": {},
              "uuid": "2be25725-9c49-443c-9fae-847ab721615e",
              "parentUUID": "1fe064f5-cd80-4558-9d8b-464cb8401263",
              "isHook": false,
              "skipped": false
            }
          ],
          "suites": [],
          "passes": [
            "22d61c40-9c9f-4bed-b1dc-a0b16e6b7b56",
            "74d04b45-acf9-409c-9a0c-90913203b03e",
            "5780286c-4d52-4443-b318-440b862ac12f",
            "2be25725-9c49-443c-9fae-847ab721615e"
          ],
          "failures": [
            "bb84c949-f874-4477-9f43-b29c0f925510"
          ],
          "pending": [],
          "skipped": [],
          "duration": 7650,
          "root": false,
          "rootEmpty": false,
          "_timeout": 2000
        }
      ],
      "passes": [],
      "failures": [],
      "pending": [],
      "skipped": [],
      "duration": 0,
      "root": true,
      "rootEmpty": true,
      "_timeout": 2000
    }
  ],
  "meta": {
    "mocha": {
      "version": "6.2.2"
    },
    "mochawesome": {
      "options": {
        "quiet": false,
        "reportFilename": "mochawesome",
        "saveHtml": false,
        "saveJson": true,
        "consoleReporter": "spec",
        "useInlineDiffs": false
      },
      "version": "4.1.0"
    },
    "marge": {
      "options": {
        "id": "default",
        "reportDir": "cypress/reports/mochawesome",
        "overwrite": false,
        "html": false,
        "json": true
      },
      "version": "4.0.1"
    }
  }
}