{
  "stats": {
    "suites": 1,
    "tests": 2,
    "passes": 2,
    "pending": 0,
    "failures": 0,
    "start": "2019-12-23T03:23:25.986Z",
    "end": "2019-12-23T03:23:30.592Z",
    "duration": 4606,
    "testsRegistered": 2,
    "passPercent": 100,
    "pendingPercent": 0,
    "other": 0,
    "hasOther": false,
    "skipped": 0,
    "hasSkipped": false
  },
  "results": [
    {
      "uuid": "c7a5ed7c-68b7-4117-bb23-8706ccdd159d",
      "title": "",
      "fullFile": "",
      "file": "",
      "beforeHooks": [],
      "afterHooks": [],
      "tests": [],
      "suites": [
        {
          "uuid": "a9e259cf-519a-4b26-a24d-0fb1f99bee24",
          "title": "People",
          "fullFile": "",
          "file": "",
          "beforeHooks": [],
          "afterHooks": [],
          "tests": [
            {
              "title": "Using feature search with valid user",
              "fullTitle": "People Using feature search with valid user",
              "timedOut": null,
              "duration": 3820,
              "state": "passed",
              "speed": "slow",
              "pass": true,
              "fail": false,
              "pending": false,
              "context": null,
              "code": "cy.login();\ncy.contains('People').click();\ncy.get('input').type('pedropradita');\ncy.get('tbody > tr > :nth-child(1)').should('have.length', 1);",
              "err": {},
              "uuid": "d4840ff7-80e0-4698-b2f9-514dc0aa8a47",
              "parentUUID": "a9e259cf-519a-4b26-a24d-0fb1f99bee24",
              "isHook": false,
              "skipped": false
            },
            {
              "title": "Using feature search with invalid user",
              "fullTitle": "People Using feature search with invalid user",
              "timedOut": null,
              "duration": 729,
              "state": "passed",
              "speed": "slow",
              "pass": true,
              "fail": false,
              "pending": false,
              "context": null,
              "code": "cy.get('input').clear().type('abcd');\ncy.get('tbody > tr > :nth-child(1)').should('have.length', 1);",
              "err": {},
              "uuid": "65df3053-d715-4c42-a3d4-ef6461538727",
              "parentUUID": "a9e259cf-519a-4b26-a24d-0fb1f99bee24",
              "isHook": false,
              "skipped": false
            }
          ],
          "suites": [],
          "passes": [
            "d4840ff7-80e0-4698-b2f9-514dc0aa8a47",
            "65df3053-d715-4c42-a3d4-ef6461538727"
          ],
          "failures": [],
          "pending": [],
          "skipped": [],
          "duration": 4549,
          "root": false,
          "rootEmpty": false,
          "_timeout": 2000
        }
      ],
      "passes": [],
      "failures": [],
      "pending": [],
      "skipped": [],
      "duration": 0,
      "root": true,
      "rootEmpty": true,
      "_timeout": 2000
    }
  ],
  "meta": {
    "mocha": {
      "version": "6.2.2"
    },
    "mochawesome": {
      "options": {
        "quiet": false,
        "reportFilename": "mochawesome",
        "saveHtml": false,
        "saveJson": true,
        "consoleReporter": "spec",
        "useInlineDiffs": false
      },
      "version": "4.1.0"
    },
    "marge": {
      "options": {
        "id": "default",
        "reportDir": "cypress/reports/mochawesome",
        "overwrite": false,
        "html": false,
        "json": true
      },
      "version": "4.0.1"
    }
  }
}